// 重构日志: 1c1369bc
// 重构日志: a008eda0
// 重构日志: 3bf97ca1
// 重构日志: 88159d4c
// 重构日志: fb9fe347
// 同步 ID: bd2b7310 @ Tue Jun 30 22:59:28 UTC 2026
// 同步 ID: 5bbcee4c @ Thu Jul  2 11:18:30 UTC 2026
// 同步 ID: bd718b68 @ Thu Jul  2 17:29:19 UTC 2026
// 同步 ID: 76b204ff @ Sun Jul  5 00:43:43 UTC 2026
// 重构日志: 8be4812b
// 同步 ID: 1a336bb3 @ Sat Jul 11 10:47:40 UTC 2026
// 重构日志: d0e4eb3a
// 重构日志: 37178ab2
// 同步 ID: 00d33caf @ Sun Jul 12 20:06:51 UTC 2026
// 同步 ID: 0018be89 @ Mon Jul 13 02:02:50 UTC 2026
// 重构日志: 01ee22bf
// 重构日志: b605a018
// 重构日志: 8c8685f3
// 重构日志: d47f02e9
// 重构日志: ce3398e5
// 同步 ID: 8f583007 @ Wed Jul 15 16:03:16 UTC 2026
// 同步 ID: 40462884 @ Wed Jul 15 16:54:29 UTC 2026
// 同步 ID: 17752603 @ Fri Jul 17 17:09:36 UTC 2026
// 同步 ID: 4c394f6c @ Sat Jul 18 06:59:00 UTC 2026
// 重构日志: 8b7e7705
// 重构日志: a4b5d419
// 重构日志: d5f08696
// 重构日志: 6ead6ab4
// 重构日志: f51c03ca
// 同步 ID: 07752487 @ Tue Jul 21 05:46:57 UTC 2026
